<?xml version="1.0" encoding="UTF-8"?>
<testsuite name="cricketleagueanalyser.CricketLeagueAnalyserTest" tests="25" skipped="0" failures="0" errors="0" timestamp="2020-05-25T11:53:50" hostname="LAPTOP-U0R5V4IK" time="3.541">
  <properties/>
  <testcase name="givenIPLMostWktsData_WhenSortedAccordingToStringRateWithFiveWicketsAndFourWicket_ShouldReturnSortedResults" classname="cricketleagueanalyser.CricketLeagueAnalyserTest" time="0.424"/>
  <testcase name="givenIPLMostRunsData_WhenEmpty_ShouldThrowException" classname="cricketleagueanalyser.CricketLeagueAnalyserTest" time="0.007"/>
  <testcase name="givenIPLMostRunsandWktsData_shouldReturnTotalNumberOfRecords" classname="cricketleagueanalyser.CricketLeagueAnalyserTest" time="0.331"/>
  <testcase name="givenIPLMostRunsData_WhenSortedAccordingToBattingAverageWithStrikeRate_ShouldReturnSortedResults" classname="cricketleagueanalyser.CricketLeagueAnalyserTest" time="0.232"/>
  <testcase name="givenIPL2019MostRunsData_WhenSortedAccordingToSixsAndFours_ShouldReturnSrikeRate" classname="cricketleagueanalyser.CricketLeagueAnalyserTest" time="0.135"/>
  <testcase name="givenIPLMOstRunsData_WithWrongPath_ShouldThrowException" classname="cricketleagueanalyser.CricketLeagueAnalyserTest" time="0.005"/>
  <testcase name="givenIPLMostRunsandWktsData_whenSortedAccordingToRunsAndWickets_shouldReturnSortedResults" classname="cricketleagueanalyser.CricketLeagueAnalyserTest" time="0.277"/>
  <testcase name="givenIPLMostRunsData_WhenSortedAccordingToStrikeRate_ShouldReturnBattingAverage" classname="cricketleagueanalyser.CricketLeagueAnalyserTest" time="0.134"/>
  <testcase name="givenIPLMostRunsData_WithWrongType_ShouldThrowException" classname="cricketleagueanalyser.CricketLeagueAnalyserTest" time="0.025"/>
  <testcase name="givenIPLMostRunsData_WhenSortedAccordingToRunsWithBattingAverage_ShouldReturnSortedResults" classname="cricketleagueanalyser.CricketLeagueAnalyserTest" time="0.184"/>
  <testcase name="givenIPLMostRunsData_WithWrongDelimiter_ShouldThrowException" classname="cricketleagueanalyser.CricketLeagueAnalyserTest" time="0.009"/>
  <testcase name="givenIPLMostRunsandWktsData_whenSortedAccordingToBattingAndBowlingAverage_shouldReturnSortedResults" classname="cricketleagueanalyser.CricketLeagueAnalyserTest" time="0.253"/>
  <testcase name="givenIPLMostRunsData_WithWrongHeader_ShouldThrowException" classname="cricketleagueanalyser.CricketLeagueAnalyserTest" time="0.012"/>
  <testcase name="givenIPL2019MostRunsData_WhenSortedAccordingToBattingAverage_ShouldReturnTotalNumberOfRunsOfPlayer" classname="cricketleagueanalyser.CricketLeagueAnalyserTest" time="0.118"/>
  <testcase name="givenIPLMostRuns_WhenSortedAccordingToStrikeRateWithSixsAndFours_shouldReturnSortedResults" classname="cricketleagueanalyser.CricketLeagueAnalyserTest" time="0.123"/>
  <testcase name="givenIPLMostWktssData_whenSortedAccordingToWicketsWithBowlingAverage_shouldReturnSortedResults" classname="cricketleagueanalyser.CricketLeagueAnalyserTest" time="0.18"/>
  <testcase name="givenIPLMostRunsData_ShouldReturnTotalNumberOfPlayers" classname="cricketleagueanalyser.CricketLeagueAnalyserTest" time="0.096"/>
  <testcase name="givenIPLMostWktsData_WhenSortedAccordingToBowlingAverage_ShouldReturnSortedResults" classname="cricketleagueanalyser.CricketLeagueAnalyserTest" time="0.126"/>
  <testcase name="givenIPLMostWktsData_ShouldReturnTotalNumberOfPlayers" classname="cricketleagueanalyser.CricketLeagueAnalyserTest" time="0.135"/>
  <testcase name="givenIPLMostWktsData_WhenSortedAccordingToStrikeRate_ShouldReturnSortedResults" classname="cricketleagueanalyser.CricketLeagueAnalyserTest" time="0.114"/>
  <testcase name="givenIPLMostRunsData_WhenSortedAccordingToStrikeRate_ShouldReturnSortedResults" classname="cricketleagueanalyser.CricketLeagueAnalyserTest" time="0.113"/>
  <testcase name="givenIPLMostRunsData_WhenSortedAccordingToSixsAndFours_ShouldReturnSortedResults" classname="cricketleagueanalyser.CricketLeagueAnalyserTest" time="0.104"/>
  <testcase name="givenIPLMostRunsData_WhenSortedAccordingToBattingAverage_ShouldReturnSortedResults" classname="cricketleagueanalyser.CricketLeagueAnalyserTest" time="0.107"/>
  <testcase name="givenIPLMostWktsData_WhenSortedAccordingToEconomy_ShouldReturnSortedResults" classname="cricketleagueanalyser.CricketLeagueAnalyserTest" time="0.123"/>
  <testcase name="givenIPLMostWktsData_WhenSortedAccordingToBowlingAverageWithStringRate_ShouldReturnSortedResults" classname="cricketleagueanalyser.CricketLeagueAnalyserTest" time="0.113"/>
  <system-out><![CDATA[]]></system-out>
  <system-err><![CDATA[]]></system-err>
</testsuite>
