<?xml version="1.0" encoding="UTF-8"?>
<testsuite name="cricketleagueanalyser.CricketLeagueAnalyserTest" tests="25" skipped="0" failures="0" errors="0" timestamp="2020-05-21T05:23:05" hostname="LAPTOP-U0R5V4IK" time="3.342">
  <properties/>
  <testcase name="givenIPLMostRunsData_whenSortedAccordingToRunsWithBattingAverage_shouldReturnSortedResults" classname="cricketleagueanalyser.CricketLeagueAnalyserTest" time="0.495"/>
  <testcase name="givenIPLMostRunsData_WhenEmpty_ShouldThrowException" classname="cricketleagueanalyser.CricketLeagueAnalyserTest" time="0.006"/>
  <testcase name="givenIPLMostRunsandWktsData_shouldReturnTotalNumberOfRecords" classname="cricketleagueanalyser.CricketLeagueAnalyserTest" time="0.269"/>
  <testcase name="givenIPLMostRunsData_whenSortedAccordingToBattingAverageWithStrikeRate_shouldReturnSortedResults" classname="cricketleagueanalyser.CricketLeagueAnalyserTest" time="0.168"/>
  <testcase name="givenIPLMostRunsData_whenSortedAccordingToStrikeRate_shouldReturnBattingAverage" classname="cricketleagueanalyser.CricketLeagueAnalyserTest" time="0.13"/>
  <testcase name="givenIPLMOstRunsData_WithWrongPath_ShouldThrowException" classname="cricketleagueanalyser.CricketLeagueAnalyserTest" time="0.003"/>
  <testcase name="givenIPLMostRunsandWktsData_whenSortedAccordingToRunsAndWickets_shouldReturnSortedResults" classname="cricketleagueanalyser.CricketLeagueAnalyserTest" time="0.246"/>
  <testcase name="givenIPLMostRunsData_WithWrongType_ShouldThrowException" classname="cricketleagueanalyser.CricketLeagueAnalyserTest" time="0.007"/>
  <testcase name="givenIPLMostRunsData_WithWrongDelimiter_ShouldThrowException" classname="cricketleagueanalyser.CricketLeagueAnalyserTest" time="0.001"/>
  <testcase name="givenIPLMostRunsandWktsData_whenSortedAccordingToBattingAndBowlingAverage_shouldReturnSortedResults" classname="cricketleagueanalyser.CricketLeagueAnalyserTest" time="0.265"/>
  <testcase name="givenIPLMostRunsData_whenSortedAccordingToSixsAndFours_shouldReturnSortedResults" classname="cricketleagueanalyser.CricketLeagueAnalyserTest" time="0.157"/>
  <testcase name="givenIPLMostRuns_whenSortedAccordingToStrikeRateWithSixsAndFours_shouldReturnSortedResults" classname="cricketleagueanalyser.CricketLeagueAnalyserTest" time="0.157"/>
  <testcase name="givenIPLMostRunsData_WithWrongHeader_ShouldThrowException" classname="cricketleagueanalyser.CricketLeagueAnalyserTest" time="0.014"/>
  <testcase name="givenIPLMostWktsData_whenSortedAccordingToBowlingAverage_shouldReturnSortedResults" classname="cricketleagueanalyser.CricketLeagueAnalyserTest" time="0.134"/>
  <testcase name="givenIPLMostWktsData_whenSortedAccordingToStringRateWithFiveWicketsAndFourWicket_shouldReturnSortedResults" classname="cricketleagueanalyser.CricketLeagueAnalyserTest" time="0.128"/>
  <testcase name="givenIPLMostWktssData_whenSortedAccordingToWicketsWithBowlingAverage_shouldReturnSortedResults" classname="cricketleagueanalyser.CricketLeagueAnalyserTest" time="0.128"/>
  <testcase name="givenIPLMostRunsData_whenSortedAccordingToBattingAverage_shouldReturnSortedResults" classname="cricketleagueanalyser.CricketLeagueAnalyserTest" time="0.102"/>
  <testcase name="givenIPLMostRunsData_shouldReturnTotalNumberOfPlayers" classname="cricketleagueanalyser.CricketLeagueAnalyserTest" time="0.097"/>
  <testcase name="givenIPLMostWktsData_shouldReturnTotalNumberOfPlayers" classname="cricketleagueanalyser.CricketLeagueAnalyserTest" time="0.125"/>
  <testcase name="givenIPLMostWktsData_whenSortedAccordingToEconomy_shouldReturnSortedResults" classname="cricketleagueanalyser.CricketLeagueAnalyserTest" time="0.131"/>
  <testcase name="givenIPL2019MostRunsData_whenSortedAccordingToBattingAverage_shouldReturnTotalNumberOfRunsOfPlayer" classname="cricketleagueanalyser.CricketLeagueAnalyserTest" time="0.103"/>
  <testcase name="givenIPL2019MostRunsData_whenSortedAccordingToSixsAndFours_shouldReturnSrikeRate" classname="cricketleagueanalyser.CricketLeagueAnalyserTest" time="0.102"/>
  <testcase name="givenIPLMostWktsData_whenSortedAccordingToBowlingAverageWithStringRate_shouldReturnSortedResults" classname="cricketleagueanalyser.CricketLeagueAnalyserTest" time="0.109"/>
  <testcase name="givenIPLMostWktsData_whenSortedAccordingToStrikeRate_shouldReturnSortedResults" classname="cricketleagueanalyser.CricketLeagueAnalyserTest" time="0.109"/>
  <testcase name="givenIPLMostRunsData_whenSortedAccordingToStrikeRate_shouldReturnSortedResults" classname="cricketleagueanalyser.CricketLeagueAnalyserTest" time="0.11"/>
  <system-out><![CDATA[]]></system-out>
  <system-err><![CDATA[]]></system-err>
</testsuite>
