<?xml version="1.0" encoding="UTF-8"?>
<testsuite name="cricketleagueanalyser.CricketLeagueAnalyserTest" tests="19" skipped="0" failures="0" errors="0" timestamp="2020-05-20T11:32:59" hostname="LAPTOP-U0R5V4IK" time="2.271">
  <properties/>
  <testcase name="givenIPLMostRunsData_whenSortedAccordingToRunsWithBattingAverage_shouldReturnSortedResults" classname="cricketleagueanalyser.CricketLeagueAnalyserTest" time="0.532"/>
  <testcase name="givenIPLMostRunsData_WhenEmpty_ShouldThrowException" classname="cricketleagueanalyser.CricketLeagueAnalyserTest" time="0.002"/>
  <testcase name="givenIPLMostRunsData_whenSortedAccordingToBattingAverageWithStrikeRate_shouldReturnSortedResults" classname="cricketleagueanalyser.CricketLeagueAnalyserTest" time="0.147"/>
  <testcase name="givenIPLMostRunsData_whenSortedAccordingToStrikeRate_shouldReturnBattingAverage" classname="cricketleagueanalyser.CricketLeagueAnalyserTest" time="0.14"/>
  <testcase name="givenIPLMOstRunsData_WithWrongPath_ShouldThrowException" classname="cricketleagueanalyser.CricketLeagueAnalyserTest" time="0.001"/>
  <testcase name="givenIPLMostRunsData_WithWrongType_ShouldThrowException" classname="cricketleagueanalyser.CricketLeagueAnalyserTest" time="0.006"/>
  <testcase name="givenIPLMostRunsData_WithWrongDelimiter_ShouldThrowException" classname="cricketleagueanalyser.CricketLeagueAnalyserTest" time="0.001"/>
  <testcase name="givenIPLMostRunsData_whenSortedAccordingToSixsAndFours_shouldReturnSortedResults" classname="cricketleagueanalyser.CricketLeagueAnalyserTest" time="0.151"/>
  <testcase name="givenIPLMostRuns_whenSortedAccordingToStrikeRateWithSixsAndFours_shouldReturnSortedResults" classname="cricketleagueanalyser.CricketLeagueAnalyserTest" time="0.143"/>
  <testcase name="givenIPLMostRunsData_WithWrongHeader_ShouldThrowException" classname="cricketleagueanalyser.CricketLeagueAnalyserTest" time="0.012"/>
  <testcase name="givenIPLMostWktsData_whenSortedAccordingToBowlingAverage_shouldReturnSortedResults" classname="cricketleagueanalyser.CricketLeagueAnalyserTest" time="0.113"/>
  <testcase name="givenIPLMostRunsData_whenSortedAccordingToBattingAverage_shouldReturnSortedResults" classname="cricketleagueanalyser.CricketLeagueAnalyserTest" time="0.137"/>
  <testcase name="givenIPLMostRunsData_shouldReturnTotalNumberOfPlayers" classname="cricketleagueanalyser.CricketLeagueAnalyserTest" time="0.11"/>
  <testcase name="givenIPLMostWktsData_shouldReturnTotalNumberOfPlayers" classname="cricketleagueanalyser.CricketLeagueAnalyserTest" time="0.099"/>
  <testcase name="givenIPLMostWktsData_whenSortedAccordingToEconomy_shouldReturnSortedResults" classname="cricketleagueanalyser.CricketLeagueAnalyserTest" time="0.126"/>
  <testcase name="givenIPL2019MostRunsData_whenSortedAccordingToBattingAverage_shouldReturnTotalNumberOfRunsOfPlayer" classname="cricketleagueanalyser.CricketLeagueAnalyserTest" time="0.131"/>
  <testcase name="givenIPL2019MostRunsData_whenSortedAccordingToSixsAndFours_shouldReturnSrikeRate" classname="cricketleagueanalyser.CricketLeagueAnalyserTest" time="0.143"/>
  <testcase name="givenIPLMostWktsData_whenSortedAccordingToStrikeRate_shouldReturnSortedResults" classname="cricketleagueanalyser.CricketLeagueAnalyserTest" time="0.124"/>
  <testcase name="givenIPLMostRunsData_whenSortedAccordingToStrikeRate_shouldReturnSortedResults" classname="cricketleagueanalyser.CricketLeagueAnalyserTest" time="0.144"/>
  <system-out><![CDATA[]]></system-out>
  <system-err><![CDATA[]]></system-err>
</testsuite>
