<?xml version="1.0" encoding="UTF-8"?>
<testsuite name="cricketleagueanalyser.CricketLeagueAnalyserTest" tests="1" skipped="0" failures="0" errors="0" timestamp="2020-05-20T11:51:54" hostname="LAPTOP-U0R5V4IK" time="0.418">
  <properties/>
  <testcase name="givenIPLMostWktsData_whenSortedAccordingToStringRateWithFiveWicketsAndFourWicket_shouldReturnSortedResults" classname="cricketleagueanalyser.CricketLeagueAnalyserTest" time="0.418"/>
  <system-out><![CDATA[]]></system-out>
  <system-err><![CDATA[]]></system-err>
</testsuite>
