<?xml version="1.0" encoding="UTF-8"?>
<testsuite name="cricketleagueanalyser.CricketLeagueAnalyserTest" tests="16" skipped="0" failures="0" errors="0" timestamp="2020-05-20T10:03:14" hostname="LAPTOP-U0R5V4IK" time="1.856">
  <properties/>
  <testcase name="givenIPLMostRunsData_whenSortedAccordingToRunsWithBattingAverage_shouldReturnSortedResults" classname="cricketleagueanalyser.CricketLeagueAnalyserTest" time="0.507"/>
  <testcase name="givenIPLMostRunsData_WhenEmpty_ShouldThrowException" classname="cricketleagueanalyser.CricketLeagueAnalyserTest" time="0.003"/>
  <testcase name="givenIPLMostRunsData_whenSortedAccordingToBattingAverageWithStrikeRate_shouldReturnSortedResults" classname="cricketleagueanalyser.CricketLeagueAnalyserTest" time="0.145"/>
  <testcase name="givenIPLMostRunsData_whenSortedAccordingToStrikeRate_shouldReturnBattingAverage" classname="cricketleagueanalyser.CricketLeagueAnalyserTest" time="0.114"/>
  <testcase name="givenIPLMOstRunsData_WithWrongPath_ShouldThrowException" classname="cricketleagueanalyser.CricketLeagueAnalyserTest" time="0.001"/>
  <testcase name="givenIPLMostRunsData_WithWrongType_ShouldThrowException" classname="cricketleagueanalyser.CricketLeagueAnalyserTest" time="0.009"/>
  <testcase name="givenIPLMostRunsData_WithWrongDelimiter_ShouldThrowException" classname="cricketleagueanalyser.CricketLeagueAnalyserTest" time="0.003"/>
  <testcase name="givenIPLMostRunsData_whenSortedAccordingToSixsAndFours_shouldReturnSortedResults" classname="cricketleagueanalyser.CricketLeagueAnalyserTest" time="0.203"/>
  <testcase name="givenIPLMostRuns_whenSortedAccordingToStrikeRateWithSixsAndFours_shouldReturnSortedResults" classname="cricketleagueanalyser.CricketLeagueAnalyserTest" time="0.149"/>
  <testcase name="givenIPLMostRunsData_WithWrongHeader_ShouldThrowException" classname="cricketleagueanalyser.CricketLeagueAnalyserTest" time="0.012"/>
  <testcase name="givenIPLMostRunsData_whenSortedAccordingToBattingAverage_shouldReturnSortedResults" classname="cricketleagueanalyser.CricketLeagueAnalyserTest" time="0.109"/>
  <testcase name="givenIPLMostRunsData_shouldReturnTotalNumberOfPlayers" classname="cricketleagueanalyser.CricketLeagueAnalyserTest" time="0.122"/>
  <testcase name="givenIPLMostWktsData_shouldReturnTotalNumberOfPlayers" classname="cricketleagueanalyser.CricketLeagueAnalyserTest" time="0.106"/>
  <testcase name="givenIPL2019MostRunsData_whenSortedAccordingToBattingAverage_shouldReturnTotalNumberOfRunsOfPlayer" classname="cricketleagueanalyser.CricketLeagueAnalyserTest" time="0.11"/>
  <testcase name="givenIPL2019MostRunsData_whenSortedAccordingToSixsAndFours_shouldReturnSrikeRate" classname="cricketleagueanalyser.CricketLeagueAnalyserTest" time="0.134"/>
  <testcase name="givenIPLMostRunsData_whenSortedAccordingToStrikeRate_shouldReturnSortedResults" classname="cricketleagueanalyser.CricketLeagueAnalyserTest" time="0.113"/>
  <system-out><![CDATA[]]></system-out>
  <system-err><![CDATA[]]></system-err>
</testsuite>
